[33m[NOTE][m Installing xdg-desktop-portal-hyprland ...
Sync Explicit (1): xdg-desktop-portal-hyprland-1.3.2-1
Sync Explicit (1): xdg-desktop-portal-hyprland-1.3.2-1
resolving dependencies...
resolving dependencies...
looking for conflicting packages...
looking for conflicting packages...

Packages (3) libinih-58-1  wlroots-0.17.3-1  xdg-desktop-portal-hyprland-1.3.2-1

Total Download Size:   0.63 MiB
Total Installed Size:  1.93 MiB

:: Proceed with installation? [Y/n] 
:: Retrieving packages...

Packages (3) libinih-58-1  wlroots-0.17.3-1  xdg-desktop-portal-hyprland-1.3.2-1

Total Download Size:   0.63 MiB
Total Installed Size:  1.93 MiB

:: Proceed with installation? [Y/n] 
:: Retrieving packages...
 wlroots-0.17.3-1-x86_64 downloading...
 xdg-desktop-portal-hyprland-1.3.2-1-x86_64 downloading...
 libinih-58-1-x86_64 downloading...
checking keyring...
 wlroots-0.17.3-1-x86_64 downloading...
 xdg-desktop-portal-hyprland-1.3.2-1-x86_64 downloading...
 libinih-58-1-x86_64 downloading...
checking keyring...
checking package integrity...
checking package integrity...
loading package files...
loading package files...
checking for file conflicts...
checking for file conflicts...
checking available disk space...
checking available disk space...
:: Processing package changes...
installing libinih...
:: Processing package changes...
installing libinih...
installing wlroots...
installing wlroots...
Optional dependencies for wlroots
    xorg-xwayland: Xwayland support [installed]
installing xdg-desktop-portal-hyprland...
Optional dependencies for wlroots
    xorg-xwayland: Xwayland support [installed]
installing xdg-desktop-portal-hyprland...
Optional dependencies for xdg-desktop-portal-hyprland
    grim: required for the screenshot portal to function [installed]
    slurp: support for interactive mode for the screenshot portal [installed]
Optional dependencies for xdg-desktop-portal-hyprland
    grim: required for the screenshot portal to function [installed]
    slurp: support for interactive mode for the screenshot portal [installed]
:: Running post-transaction hooks...
(1/2) Reloading user manager configuration...
:: Running post-transaction hooks...
(1/2) Reloading user manager configuration...
(2/2) Arming ConditionNeedsUpdate...
(2/2) Arming ConditionNeedsUpdate...
[1A[K[32m[OK][m xdg-desktop-portal-hyprland was installed.
[33m[NOTE][m Installing xdg-desktop-portal-gtk ...
Sync Explicit (1): xdg-desktop-portal-gtk-1.15.1-2
Sync Explicit (1): xdg-desktop-portal-gtk-1.15.1-2
resolving dependencies...
resolving dependencies...
looking for conflicting packages...
looking for conflicting packages...

Packages (1) xdg-desktop-portal-gtk-1.15.1-2

Total Download Size:   0.11 MiB
Total Installed Size:  0.42 MiB

:: Proceed with installation? [Y/n] 
Packages (1) xdg-desktop-portal-gtk-1.15.1-2

Total Download Size:   0.11 MiB
Total Installed Size:  0.42 MiB

:: Proceed with installation? [Y/n] 
:: Retrieving packages...

:: Retrieving packages...
 xdg-desktop-portal-gtk-1.15.1-2-x86_64 downloading...
checking keyring...
 xdg-desktop-portal-gtk-1.15.1-2-x86_64 downloading...
checking keyring...
checking package integrity...
checking package integrity...
loading package files...
loading package files...
checking for file conflicts...
checking for file conflicts...
checking available disk space...
checking available disk space...
:: Processing package changes...
installing xdg-desktop-portal-gtk...
:: Processing package changes...
installing xdg-desktop-portal-gtk...
Optional dependencies for xdg-desktop-portal-gtk
    evince: Print preview
Optional dependencies for xdg-desktop-portal-gtk
    evince: Print preview
:: Running post-transaction hooks...
(1/3) Reloading user manager configuration...
:: Running post-transaction hooks...
(1/3) Reloading user manager configuration...
(2/3) Arming ConditionNeedsUpdate...
(2/3) Arming ConditionNeedsUpdate...
(3/3) Updating the desktop file MIME type cache...
(3/3) Updating the desktop file MIME type cache...
[1A[K[32m[OK][m xdg-desktop-portal-gtk was installed.
